<?xml version="1.0" encoding="UTF-8"?>
<testsuite xmlns:xsi="http://www.w3.org/2001/XMLSchema-instance" xsi:noNamespaceSchemaLocation="https://maven.apache.org/surefire/maven-surefire-plugin/xsd/surefire-test-report.xsd" name="de.oderkerk.tools.boot.fileuploader.storage.FileSystemStorageServiceTests" time="0.004" tests="2" errors="0" skipped="0" failures="0">
  <properties>
    <property name="sun.desktop" value="windows"/>
    <property name="awt.toolkit" value="sun.awt.windows.WToolkit"/>
    <property name="file.encoding.pkg" value="sun.io"/>
    <property name="java.specification.version" value="1.8"/>
    <property name="sun.cpu.isalist" value="amd64"/>
    <property name="sun.jnu.encoding" value="Cp1252"/>
    <property name="java.class.path" value="E:\eclipse-ws\FileAdmin\target\test-classes;E:\eclipse-ws\FileAdmin\target\classes;e:\maven\repo\org\springframework\boot\spring-boot-starter-web\2.0.0.RELEASE\spring-boot-starter-web-2.0.0.RELEASE.jar;e:\maven\repo\org\springframework\boot\spring-boot-starter\2.0.0.RELEASE\spring-boot-starter-2.0.0.RELEASE.jar;e:\maven\repo\org\springframework\boot\spring-boot-starter-logging\2.0.0.RELEASE\spring-boot-starter-logging-2.0.0.RELEASE.jar;e:\maven\repo\ch\qos\logback\logback-classic\1.2.3\logback-classic-1.2.3.jar;e:\maven\repo\ch\qos\logback\logback-core\1.2.3\logback-core-1.2.3.jar;e:\maven\repo\org\apache\logging\log4j\log4j-to-slf4j\2.10.0\log4j-to-slf4j-2.10.0.jar;e:\maven\repo\org\apache\logging\log4j\log4j-api\2.10.0\log4j-api-2.10.0.jar;e:\maven\repo\org\slf4j\jul-to-slf4j\1.7.25\jul-to-slf4j-1.7.25.jar;e:\maven\repo\javax\annotation\javax.annotation-api\1.3.2\javax.annotation-api-1.3.2.jar;e:\maven\repo\org\yaml\snakeyaml\1.19\snakeyaml-1.19.jar;e:\maven\repo\org\springframework\boot\spring-boot-starter-json\2.0.0.RELEASE\spring-boot-starter-json-2.0.0.RELEASE.jar;e:\maven\repo\com\fasterxml\jackson\core\jackson-databind\2.9.4\jackson-databind-2.9.4.jar;e:\maven\repo\com\fasterxml\jackson\core\jackson-annotations\2.9.0\jackson-annotations-2.9.0.jar;e:\maven\repo\com\fasterxml\jackson\core\jackson-core\2.9.4\jackson-core-2.9.4.jar;e:\maven\repo\com\fasterxml\jackson\datatype\jackson-datatype-jdk8\2.9.4\jackson-datatype-jdk8-2.9.4.jar;e:\maven\repo\com\fasterxml\jackson\datatype\jackson-datatype-jsr310\2.9.4\jackson-datatype-jsr310-2.9.4.jar;e:\maven\repo\com\fasterxml\jackson\module\jackson-module-parameter-names\2.9.4\jackson-module-parameter-names-2.9.4.jar;e:\maven\repo\org\springframework\boot\spring-boot-starter-tomcat\2.0.0.RELEASE\spring-boot-starter-tomcat-2.0.0.RELEASE.jar;e:\maven\repo\org\apache\tomcat\embed\tomcat-embed-core\8.5.28\tomcat-embed-core-8.5.28.jar;e:\maven\repo\org\apache\tomcat\embed\tomcat-embed-el\8.5.28\tomcat-embed-el-8.5.28.jar;e:\maven\repo\org\apache\tomcat\embed\tomcat-embed-websocket\8.5.28\tomcat-embed-websocket-8.5.28.jar;e:\maven\repo\org\hibernate\validator\hibernate-validator\6.0.7.Final\hibernate-validator-6.0.7.Final.jar;e:\maven\repo\javax\validation\validation-api\2.0.1.Final\validation-api-2.0.1.Final.jar;e:\maven\repo\org\jboss\logging\jboss-logging\3.3.2.Final\jboss-logging-3.3.2.Final.jar;e:\maven\repo\com\fasterxml\classmate\1.3.4\classmate-1.3.4.jar;e:\maven\repo\org\springframework\spring-web\5.0.4.RELEASE\spring-web-5.0.4.RELEASE.jar;e:\maven\repo\org\springframework\spring-beans\5.0.4.RELEASE\spring-beans-5.0.4.RELEASE.jar;e:\maven\repo\org\springframework\spring-webmvc\5.0.4.RELEASE\spring-webmvc-5.0.4.RELEASE.jar;e:\maven\repo\org\springframework\spring-context\5.0.4.RELEASE\spring-context-5.0.4.RELEASE.jar;e:\maven\repo\org\springframework\spring-expression\5.0.4.RELEASE\spring-expression-5.0.4.RELEASE.jar;e:\maven\repo\org\springframework\boot\spring-boot-starter-thymeleaf\2.0.0.RELEASE\spring-boot-starter-thymeleaf-2.0.0.RELEASE.jar;e:\maven\repo\org\thymeleaf\thymeleaf-spring5\3.0.9.RELEASE\thymeleaf-spring5-3.0.9.RELEASE.jar;e:\maven\repo\org\thymeleaf\thymeleaf\3.0.9.RELEASE\thymeleaf-3.0.9.RELEASE.jar;e:\maven\repo\org\attoparser\attoparser\2.0.4.RELEASE\attoparser-2.0.4.RELEASE.jar;e:\maven\repo\org\unbescape\unbescape\1.1.5.RELEASE\unbescape-1.1.5.RELEASE.jar;e:\maven\repo\org\slf4j\slf4j-api\1.7.25\slf4j-api-1.7.25.jar;e:\maven\repo\org\thymeleaf\extras\thymeleaf-extras-java8time\3.0.1.RELEASE\thymeleaf-extras-java8time-3.0.1.RELEASE.jar;e:\maven\repo\org\springframework\boot\spring-boot-starter-test\2.0.0.RELEASE\spring-boot-starter-test-2.0.0.RELEASE.jar;e:\maven\repo\org\springframework\boot\spring-boot-test\2.0.0.RELEASE\spring-boot-test-2.0.0.RELEASE.jar;e:\maven\repo\org\springframework\boot\spring-boot-test-autoconfigure\2.0.0.RELEASE\spring-boot-test-autoconfigure-2.0.0.RELEASE.jar;e:\maven\repo\com\jayway\jsonpath\json-path\2.4.0\json-path-2.4.0.jar;e:\maven\repo\net\minidev\json-smart\2.3\json-smart-2.3.jar;e:\maven\repo\net\minidev\accessors-smart\1.2\accessors-smart-1.2.jar;e:\maven\repo\org\ow2\asm\asm\5.0.4\asm-5.0.4.jar;e:\maven\repo\junit\junit\4.12\junit-4.12.jar;e:\maven\repo\org\assertj\assertj-core\3.9.1\assertj-core-3.9.1.jar;e:\maven\repo\org\mockito\mockito-core\2.15.0\mockito-core-2.15.0.jar;e:\maven\repo\net\bytebuddy\byte-buddy\1.7.10\byte-buddy-1.7.10.jar;e:\maven\repo\net\bytebuddy\byte-buddy-agent\1.7.10\byte-buddy-agent-1.7.10.jar;e:\maven\repo\org\hamcrest\hamcrest-core\1.3\hamcrest-core-1.3.jar;e:\maven\repo\org\hamcrest\hamcrest-library\1.3\hamcrest-library-1.3.jar;e:\maven\repo\org\skyscreamer\jsonassert\1.5.0\jsonassert-1.5.0.jar;e:\maven\repo\com\vaadin\external\google\android-json\0.0.20131108.vaadin1\android-json-0.0.20131108.vaadin1.jar;e:\maven\repo\org\springframework\spring-core\5.0.4.RELEASE\spring-core-5.0.4.RELEASE.jar;e:\maven\repo\org\springframework\spring-jcl\5.0.4.RELEASE\spring-jcl-5.0.4.RELEASE.jar;e:\maven\repo\org\springframework\spring-test\5.0.4.RELEASE\spring-test-5.0.4.RELEASE.jar;e:\maven\repo\org\xmlunit\xmlunit-core\2.5.1\xmlunit-core-2.5.1.jar;e:\maven\repo\org\springframework\boot\spring-boot-devtools\2.0.0.RELEASE\spring-boot-devtools-2.0.0.RELEASE.jar;e:\maven\repo\org\springframework\boot\spring-boot\2.0.0.RELEASE\spring-boot-2.0.0.RELEASE.jar;e:\maven\repo\org\springframework\boot\spring-boot-autoconfigure\2.0.0.RELEASE\spring-boot-autoconfigure-2.0.0.RELEASE.jar;e:\maven\repo\org\webjars\bootstrap\3.3.7\bootstrap-3.3.7.jar;e:\maven\repo\org\webjars\jquery\3.1.1\jquery-3.1.1.jar;e:\maven\repo\org\springframework\boot\spring-boot-configuration-processor\2.0.0.RELEASE\spring-boot-configuration-processor-2.0.0.RELEASE.jar;e:\maven\repo\org\apache\maven\plugins\maven-scm-plugin\1.9.5\maven-scm-plugin-1.9.5.jar;e:\maven\repo\org\apache\maven\maven-project\2.2.1\maven-project-2.2.1.jar;e:\maven\repo\org\apache\maven\maven-profile\2.2.1\maven-profile-2.2.1.jar;e:\maven\repo\org\apache\maven\maven-model\2.2.1\maven-model-2.2.1.jar;e:\maven\repo\org\apache\maven\maven-artifact-manager\2.2.1\maven-artifact-manager-2.2.1.jar;e:\maven\repo\org\apache\maven\maven-repository-metadata\2.2.1\maven-repository-metadata-2.2.1.jar;e:\maven\repo\org\apache\maven\wagon\wagon-provider-api\1.0-beta-6\wagon-provider-api-1.0-beta-6.jar;e:\maven\repo\backport-util-concurrent\backport-util-concurrent\3.1\backport-util-concurrent-3.1.jar;e:\maven\repo\org\apache\maven\maven-plugin-registry\2.2.1\maven-plugin-registry-2.2.1.jar;e:\maven\repo\org\codehaus\plexus\plexus-interpolation\1.11\plexus-interpolation-1.11.jar;e:\maven\repo\org\apache\maven\maven-artifact\2.2.1\maven-artifact-2.2.1.jar;e:\maven\repo\org\codehaus\plexus\plexus-container-default\1.0-alpha-9-stable-1\plexus-container-default-1.0-alpha-9-stable-1.jar;e:\maven\repo\classworlds\classworlds\1.1-alpha-2\classworlds-1.1-alpha-2.jar;e:\maven\repo\org\apache\maven\maven-settings\2.2.1\maven-settings-2.2.1.jar;e:\maven\repo\org\apache\maven\maven-plugin-api\2.2.1\maven-plugin-api-2.2.1.jar;e:\maven\repo\org\apache\maven\scm\maven-scm-manager-plexus\1.9.5\maven-scm-manager-plexus-1.9.5.jar;e:\maven\repo\org\apache\maven\scm\maven-scm-api\1.9.5\maven-scm-api-1.9.5.jar;e:\maven\repo\org\apache\maven\scm\maven-scm-provider-accurev\1.9.5\maven-scm-provider-accurev-1.9.5.jar;e:\maven\repo\org\apache\maven\scm\maven-scm-provider-bazaar\1.9.5\maven-scm-provider-bazaar-1.9.5.jar;e:\maven\repo\org\apache\maven\scm\maven-scm-provider-clearcase\1.9.5\maven-scm-provider-clearcase-1.9.5.jar;e:\maven\repo\org\apache\maven\scm\maven-scm-provider-cvsexe\1.9.5\maven-scm-provider-cvsexe-1.9.5.jar;e:\maven\repo\org\apache\maven\scm\maven-scm-provider-cvs-commons\1.9.5\maven-scm-provider-cvs-commons-1.9.5.jar;e:\maven\repo\org\apache\maven\scm\maven-scm-provider-cvsjava\1.9.5\maven-scm-provider-cvsjava-1.9.5.jar;e:\maven\repo\org\netbeans\lib\cvsclient\20060125\cvsclient-20060125.jar;e:\maven\repo\ch\ethz\ganymed\ganymed-ssh2\build210\ganymed-ssh2-build210.jar;e:\maven\repo\org\apache\maven\scm\maven-scm-provider-gitexe\1.9.5\maven-scm-provider-gitexe-1.9.5.jar;e:\maven\repo\commons-io\commons-io\2.2\commons-io-2.2.jar;e:\maven\repo\commons-lang\commons-lang\2.6\commons-lang-2.6.jar;e:\maven\repo\org\apache\maven\scm\maven-scm-provider-git-commons\1.9.5\maven-scm-provider-git-commons-1.9.5.jar;e:\maven\repo\org\apache\maven\scm\maven-scm-provider-jgit\1.9.5\maven-scm-provider-jgit-1.9.5.jar;e:\maven\repo\org\eclipse\jgit\org.eclipse.jgit\3.7.1.201504261725-r\org.eclipse.jgit-3.7.1.201504261725-r.jar;e:\maven\repo\com\jcraft\jsch\0.1.50\jsch-0.1.50.jar;e:\maven\repo\com\googlecode\javaewah\JavaEWAH\0.7.9\JavaEWAH-0.7.9.jar;e:\maven\repo\org\apache\httpcomponents\httpclient\4.5.5\httpclient-4.5.5.jar;e:\maven\repo\org\apache\httpcomponents\httpcore\4.4.9\httpcore-4.4.9.jar;e:\maven\repo\commons-codec\commons-codec\1.11\commons-codec-1.11.jar;e:\maven\repo\org\apache\maven\scm\maven-scm-provider-hg\1.9.5\maven-scm-provider-hg-1.9.5.jar;e:\maven\repo\org\apache\maven\scm\maven-scm-provider-perforce\1.9.5\maven-scm-provider-perforce-1.9.5.jar;e:\maven\repo\org\apache\maven\scm\maven-scm-provider-starteam\1.9.5\maven-scm-provider-starteam-1.9.5.jar;e:\maven\repo\org\apache\maven\scm\maven-scm-provider-svnexe\1.9.5\maven-scm-provider-svnexe-1.9.5.jar;e:\maven\repo\org\apache\maven\scm\maven-scm-provider-synergy\1.9.5\maven-scm-provider-synergy-1.9.5.jar;e:\maven\repo\org\apache\maven\scm\maven-scm-provider-vss\1.9.5\maven-scm-provider-vss-1.9.5.jar;e:\maven\repo\org\apache\maven\scm\maven-scm-provider-tfs\1.9.5\maven-scm-provider-tfs-1.9.5.jar;e:\maven\repo\org\apache\maven\scm\maven-scm-provider-integrity\1.9.5\maven-scm-provider-integrity-1.9.5.jar;e:\maven\repo\com\mks\api\mksapi-jar\4.10.9049\mksapi-jar-4.10.9049.jar;e:\maven\repo\org\codehaus\groovy\groovy-all\2.4.13\groovy-all-2.4.13.jar;e:\maven\repo\org\apache\maven\scm\maven-scm-provider-jazz\1.9.5\maven-scm-provider-jazz-1.9.5.jar;e:\maven\repo\org\apache\maven\scm\maven-scm-provider-local\1.9.5\maven-scm-provider-local-1.9.5.jar;e:\maven\repo\org\apache\maven\scm\maven-scm-provider-svn-commons\1.9.5\maven-scm-provider-svn-commons-1.9.5.jar;e:\maven\repo\org\codehaus\plexus\plexus-utils\3.0.15\plexus-utils-3.0.15.jar;e:\maven\repo\org\apache\maven\shared\file-management\1.2.1\file-management-1.2.1.jar;e:\maven\repo\org\apache\maven\shared\maven-shared-io\1.1\maven-shared-io-1.1.jar;e:\maven\repo\org\sonatype\plexus\plexus-sec-dispatcher\1.3\plexus-sec-dispatcher-1.3.jar;e:\maven\repo\org\sonatype\plexus\plexus-cipher\1.4\plexus-cipher-1.4.jar;e:\maven\repo\org\apache\commons\commons-compress\1.16.1\commons-compress-1.16.1.jar;e:\maven\repo\org\objenesis\objenesis\2.6\objenesis-2.6.jar;e:\maven\repo\org\springframework\boot\spring-boot-starter-security\1.5.10.RELEASE\spring-boot-starter-security-1.5.10.RELEASE.jar;e:\maven\repo\org\springframework\spring-aop\5.0.4.RELEASE\spring-aop-5.0.4.RELEASE.jar;e:\maven\repo\org\springframework\security\spring-security-config\5.0.3.RELEASE\spring-security-config-5.0.3.RELEASE.jar;e:\maven\repo\org\springframework\security\spring-security-core\5.0.3.RELEASE\spring-security-core-5.0.3.RELEASE.jar;e:\maven\repo\org\springframework\security\spring-security-web\5.0.3.RELEASE\spring-security-web-5.0.3.RELEASE.jar;"/>
    <property name="java.vm.vendor" value="Oracle Corporation"/>
    <property name="sun.arch.data.model" value="64"/>
    <property name="user.variant" value=""/>
    <property name="java.vendor.url" value="http://java.oracle.com/"/>
    <property name="user.timezone" value=""/>
    <property name="java.vm.specification.version" value="1.8"/>
    <property name="os.name" value="Windows 10"/>
    <property name="user.country" value="DE"/>
    <property name="sun.java.launcher" value="SUN_STANDARD"/>
    <property name="sun.boot.library.path" value="C:\Program Files\Java\jdk1.8.0_74\jre\bin"/>
    <property name="sun.java.command" value="C:\Users\Odin\AppData\Local\Temp\surefire526122684550463113\surefirebooter2842572076956704055.jar C:\Users\Odin\AppData\Local\Temp\surefire526122684550463113 2018-04-05T19-49-31_081-jvmRun1 surefire7164961837279948203tmp surefire_06191441622362538425tmp"/>
    <property name="surefire.test.class.path" value="E:\eclipse-ws\FileAdmin\target\test-classes;E:\eclipse-ws\FileAdmin\target\classes;e:\maven\repo\org\springframework\boot\spring-boot-starter-web\2.0.0.RELEASE\spring-boot-starter-web-2.0.0.RELEASE.jar;e:\maven\repo\org\springframework\boot\spring-boot-starter\2.0.0.RELEASE\spring-boot-starter-2.0.0.RELEASE.jar;e:\maven\repo\org\springframework\boot\spring-boot-starter-logging\2.0.0.RELEASE\spring-boot-starter-logging-2.0.0.RELEASE.jar;e:\maven\repo\ch\qos\logback\logback-classic\1.2.3\logback-classic-1.2.3.jar;e:\maven\repo\ch\qos\logback\logback-core\1.2.3\logback-core-1.2.3.jar;e:\maven\repo\org\apache\logging\log4j\log4j-to-slf4j\2.10.0\log4j-to-slf4j-2.10.0.jar;e:\maven\repo\org\apache\logging\log4j\log4j-api\2.10.0\log4j-api-2.10.0.jar;e:\maven\repo\org\slf4j\jul-to-slf4j\1.7.25\jul-to-slf4j-1.7.25.jar;e:\maven\repo\javax\annotation\javax.annotation-api\1.3.2\javax.annotation-api-1.3.2.jar;e:\maven\repo\org\yaml\snakeyaml\1.19\snakeyaml-1.19.jar;e:\maven\repo\org\springframework\boot\spring-boot-starter-json\2.0.0.RELEASE\spring-boot-starter-json-2.0.0.RELEASE.jar;e:\maven\repo\com\fasterxml\jackson\core\jackson-databind\2.9.4\jackson-databind-2.9.4.jar;e:\maven\repo\com\fasterxml\jackson\core\jackson-annotations\2.9.0\jackson-annotations-2.9.0.jar;e:\maven\repo\com\fasterxml\jackson\core\jackson-core\2.9.4\jackson-core-2.9.4.jar;e:\maven\repo\com\fasterxml\jackson\datatype\jackson-datatype-jdk8\2.9.4\jackson-datatype-jdk8-2.9.4.jar;e:\maven\repo\com\fasterxml\jackson\datatype\jackson-datatype-jsr310\2.9.4\jackson-datatype-jsr310-2.9.4.jar;e:\maven\repo\com\fasterxml\jackson\module\jackson-module-parameter-names\2.9.4\jackson-module-parameter-names-2.9.4.jar;e:\maven\repo\org\springframework\boot\spring-boot-starter-tomcat\2.0.0.RELEASE\spring-boot-starter-tomcat-2.0.0.RELEASE.jar;e:\maven\repo\org\apache\tomcat\embed\tomcat-embed-core\8.5.28\tomcat-embed-core-8.5.28.jar;e:\maven\repo\org\apache\tomcat\embed\tomcat-embed-el\8.5.28\tomcat-embed-el-8.5.28.jar;e:\maven\repo\org\apache\tomcat\embed\tomcat-embed-websocket\8.5.28\tomcat-embed-websocket-8.5.28.jar;e:\maven\repo\org\hibernate\validator\hibernate-validator\6.0.7.Final\hibernate-validator-6.0.7.Final.jar;e:\maven\repo\javax\validation\validation-api\2.0.1.Final\validation-api-2.0.1.Final.jar;e:\maven\repo\org\jboss\logging\jboss-logging\3.3.2.Final\jboss-logging-3.3.2.Final.jar;e:\maven\repo\com\fasterxml\classmate\1.3.4\classmate-1.3.4.jar;e:\maven\repo\org\springframework\spring-web\5.0.4.RELEASE\spring-web-5.0.4.RELEASE.jar;e:\maven\repo\org\springframework\spring-beans\5.0.4.RELEASE\spring-beans-5.0.4.RELEASE.jar;e:\maven\repo\org\springframework\spring-webmvc\5.0.4.RELEASE\spring-webmvc-5.0.4.RELEASE.jar;e:\maven\repo\org\springframework\spring-context\5.0.4.RELEASE\spring-context-5.0.4.RELEASE.jar;e:\maven\repo\org\springframework\spring-expression\5.0.4.RELEASE\spring-expression-5.0.4.RELEASE.jar;e:\maven\repo\org\springframework\boot\spring-boot-starter-thymeleaf\2.0.0.RELEASE\spring-boot-starter-thymeleaf-2.0.0.RELEASE.jar;e:\maven\repo\org\thymeleaf\thymeleaf-spring5\3.0.9.RELEASE\thymeleaf-spring5-3.0.9.RELEASE.jar;e:\maven\repo\org\thymeleaf\thymeleaf\3.0.9.RELEASE\thymeleaf-3.0.9.RELEASE.jar;e:\maven\repo\org\attoparser\attoparser\2.0.4.RELEASE\attoparser-2.0.4.RELEASE.jar;e:\maven\repo\org\unbescape\unbescape\1.1.5.RELEASE\unbescape-1.1.5.RELEASE.jar;e:\maven\repo\org\slf4j\slf4j-api\1.7.25\slf4j-api-1.7.25.jar;e:\maven\repo\org\thymeleaf\extras\thymeleaf-extras-java8time\3.0.1.RELEASE\thymeleaf-extras-java8time-3.0.1.RELEASE.jar;e:\maven\repo\org\springframework\boot\spring-boot-starter-test\2.0.0.RELEASE\spring-boot-starter-test-2.0.0.RELEASE.jar;e:\maven\repo\org\springframework\boot\spring-boot-test\2.0.0.RELEASE\spring-boot-test-2.0.0.RELEASE.jar;e:\maven\repo\org\springframework\boot\spring-boot-test-autoconfigure\2.0.0.RELEASE\spring-boot-test-autoconfigure-2.0.0.RELEASE.jar;e:\maven\repo\com\jayway\jsonpath\json-path\2.4.0\json-path-2.4.0.jar;e:\maven\repo\net\minidev\json-smart\2.3\json-smart-2.3.jar;e:\maven\repo\net\minidev\accessors-smart\1.2\accessors-smart-1.2.jar;e:\maven\repo\org\ow2\asm\asm\5.0.4\asm-5.0.4.jar;e:\maven\repo\junit\junit\4.12\junit-4.12.jar;e:\maven\repo\org\assertj\assertj-core\3.9.1\assertj-core-3.9.1.jar;e:\maven\repo\org\mockito\mockito-core\2.15.0\mockito-core-2.15.0.jar;e:\maven\repo\net\bytebuddy\byte-buddy\1.7.10\byte-buddy-1.7.10.jar;e:\maven\repo\net\bytebuddy\byte-buddy-agent\1.7.10\byte-buddy-agent-1.7.10.jar;e:\maven\repo\org\hamcrest\hamcrest-core\1.3\hamcrest-core-1.3.jar;e:\maven\repo\org\hamcrest\hamcrest-library\1.3\hamcrest-library-1.3.jar;e:\maven\repo\org\skyscreamer\jsonassert\1.5.0\jsonassert-1.5.0.jar;e:\maven\repo\com\vaadin\external\google\android-json\0.0.20131108.vaadin1\android-json-0.0.20131108.vaadin1.jar;e:\maven\repo\org\springframework\spring-core\5.0.4.RELEASE\spring-core-5.0.4.RELEASE.jar;e:\maven\repo\org\springframework\spring-jcl\5.0.4.RELEASE\spring-jcl-5.0.4.RELEASE.jar;e:\maven\repo\org\springframework\spring-test\5.0.4.RELEASE\spring-test-5.0.4.RELEASE.jar;e:\maven\repo\org\xmlunit\xmlunit-core\2.5.1\xmlunit-core-2.5.1.jar;e:\maven\repo\org\springframework\boot\spring-boot-devtools\2.0.0.RELEASE\spring-boot-devtools-2.0.0.RELEASE.jar;e:\maven\repo\org\springframework\boot\spring-boot\2.0.0.RELEASE\spring-boot-2.0.0.RELEASE.jar;e:\maven\repo\org\springframework\boot\spring-boot-autoconfigure\2.0.0.RELEASE\spring-boot-autoconfigure-2.0.0.RELEASE.jar;e:\maven\repo\org\webjars\bootstrap\3.3.7\bootstrap-3.3.7.jar;e:\maven\repo\org\webjars\jquery\3.1.1\jquery-3.1.1.jar;e:\maven\repo\org\springframework\boot\spring-boot-configuration-processor\2.0.0.RELEASE\spring-boot-configuration-processor-2.0.0.RELEASE.jar;e:\maven\repo\org\apache\maven\plugins\maven-scm-plugin\1.9.5\maven-scm-plugin-1.9.5.jar;e:\maven\repo\org\apache\maven\maven-project\2.2.1\maven-project-2.2.1.jar;e:\maven\repo\org\apache\maven\maven-profile\2.2.1\maven-profile-2.2.1.jar;e:\maven\repo\org\apache\maven\maven-model\2.2.1\maven-model-2.2.1.jar;e:\maven\repo\org\apache\maven\maven-artifact-manager\2.2.1\maven-artifact-manager-2.2.1.jar;e:\maven\repo\org\apache\maven\maven-repository-metadata\2.2.1\maven-repository-metadata-2.2.1.jar;e:\maven\repo\org\apache\maven\wagon\wagon-provider-api\1.0-beta-6\wagon-provider-api-1.0-beta-6.jar;e:\maven\repo\backport-util-concurrent\backport-util-concurrent\3.1\backport-util-concurrent-3.1.jar;e:\maven\repo\org\apache\maven\maven-plugin-registry\2.2.1\maven-plugin-registry-2.2.1.jar;e:\maven\repo\org\codehaus\plexus\plexus-interpolation\1.11\plexus-interpolation-1.11.jar;e:\maven\repo\org\apache\maven\maven-artifact\2.2.1\maven-artifact-2.2.1.jar;e:\maven\repo\org\codehaus\plexus\plexus-container-default\1.0-alpha-9-stable-1\plexus-container-default-1.0-alpha-9-stable-1.jar;e:\maven\repo\classworlds\classworlds\1.1-alpha-2\classworlds-1.1-alpha-2.jar;e:\maven\repo\org\apache\maven\maven-settings\2.2.1\maven-settings-2.2.1.jar;e:\maven\repo\org\apache\maven\maven-plugin-api\2.2.1\maven-plugin-api-2.2.1.jar;e:\maven\repo\org\apache\maven\scm\maven-scm-manager-plexus\1.9.5\maven-scm-manager-plexus-1.9.5.jar;e:\maven\repo\org\apache\maven\scm\maven-scm-api\1.9.5\maven-scm-api-1.9.5.jar;e:\maven\repo\org\apache\maven\scm\maven-scm-provider-accurev\1.9.5\maven-scm-provider-accurev-1.9.5.jar;e:\maven\repo\org\apache\maven\scm\maven-scm-provider-bazaar\1.9.5\maven-scm-provider-bazaar-1.9.5.jar;e:\maven\repo\org\apache\maven\scm\maven-scm-provider-clearcase\1.9.5\maven-scm-provider-clearcase-1.9.5.jar;e:\maven\repo\org\apache\maven\scm\maven-scm-provider-cvsexe\1.9.5\maven-scm-provider-cvsexe-1.9.5.jar;e:\maven\repo\org\apache\maven\scm\maven-scm-provider-cvs-commons\1.9.5\maven-scm-provider-cvs-commons-1.9.5.jar;e:\maven\repo\org\apache\maven\scm\maven-scm-provider-cvsjava\1.9.5\maven-scm-provider-cvsjava-1.9.5.jar;e:\maven\repo\org\netbeans\lib\cvsclient\20060125\cvsclient-20060125.jar;e:\maven\repo\ch\ethz\ganymed\ganymed-ssh2\build210\ganymed-ssh2-build210.jar;e:\maven\repo\org\apache\maven\scm\maven-scm-provider-gitexe\1.9.5\maven-scm-provider-gitexe-1.9.5.jar;e:\maven\repo\commons-io\commons-io\2.2\commons-io-2.2.jar;e:\maven\repo\commons-lang\commons-lang\2.6\commons-lang-2.6.jar;e:\maven\repo\org\apache\maven\scm\maven-scm-provider-git-commons\1.9.5\maven-scm-provider-git-commons-1.9.5.jar;e:\maven\repo\org\apache\maven\scm\maven-scm-provider-jgit\1.9.5\maven-scm-provider-jgit-1.9.5.jar;e:\maven\repo\org\eclipse\jgit\org.eclipse.jgit\3.7.1.201504261725-r\org.eclipse.jgit-3.7.1.201504261725-r.jar;e:\maven\repo\com\jcraft\jsch\0.1.50\jsch-0.1.50.jar;e:\maven\repo\com\googlecode\javaewah\JavaEWAH\0.7.9\JavaEWAH-0.7.9.jar;e:\maven\repo\org\apache\httpcomponents\httpclient\4.5.5\httpclient-4.5.5.jar;e:\maven\repo\org\apache\httpcomponents\httpcore\4.4.9\httpcore-4.4.9.jar;e:\maven\repo\commons-codec\commons-codec\1.11\commons-codec-1.11.jar;e:\maven\repo\org\apache\maven\scm\maven-scm-provider-hg\1.9.5\maven-scm-provider-hg-1.9.5.jar;e:\maven\repo\org\apache\maven\scm\maven-scm-provider-perforce\1.9.5\maven-scm-provider-perforce-1.9.5.jar;e:\maven\repo\org\apache\maven\scm\maven-scm-provider-starteam\1.9.5\maven-scm-provider-starteam-1.9.5.jar;e:\maven\repo\org\apache\maven\scm\maven-scm-provider-svnexe\1.9.5\maven-scm-provider-svnexe-1.9.5.jar;e:\maven\repo\org\apache\maven\scm\maven-scm-provider-synergy\1.9.5\maven-scm-provider-synergy-1.9.5.jar;e:\maven\repo\org\apache\maven\scm\maven-scm-provider-vss\1.9.5\maven-scm-provider-vss-1.9.5.jar;e:\maven\repo\org\apache\maven\scm\maven-scm-provider-tfs\1.9.5\maven-scm-provider-tfs-1.9.5.jar;e:\maven\repo\org\apache\maven\scm\maven-scm-provider-integrity\1.9.5\maven-scm-provider-integrity-1.9.5.jar;e:\maven\repo\com\mks\api\mksapi-jar\4.10.9049\mksapi-jar-4.10.9049.jar;e:\maven\repo\org\codehaus\groovy\groovy-all\2.4.13\groovy-all-2.4.13.jar;e:\maven\repo\org\apache\maven\scm\maven-scm-provider-jazz\1.9.5\maven-scm-provider-jazz-1.9.5.jar;e:\maven\repo\org\apache\maven\scm\maven-scm-provider-local\1.9.5\maven-scm-provider-local-1.9.5.jar;e:\maven\repo\org\apache\maven\scm\maven-scm-provider-svn-commons\1.9.5\maven-scm-provider-svn-commons-1.9.5.jar;e:\maven\repo\org\codehaus\plexus\plexus-utils\3.0.15\plexus-utils-3.0.15.jar;e:\maven\repo\org\apache\maven\shared\file-management\1.2.1\file-management-1.2.1.jar;e:\maven\repo\org\apache\maven\shared\maven-shared-io\1.1\maven-shared-io-1.1.jar;e:\maven\repo\org\sonatype\plexus\plexus-sec-dispatcher\1.3\plexus-sec-dispatcher-1.3.jar;e:\maven\repo\org\sonatype\plexus\plexus-cipher\1.4\plexus-cipher-1.4.jar;e:\maven\repo\org\apache\commons\commons-compress\1.16.1\commons-compress-1.16.1.jar;e:\maven\repo\org\objenesis\objenesis\2.6\objenesis-2.6.jar;e:\maven\repo\org\springframework\boot\spring-boot-starter-security\1.5.10.RELEASE\spring-boot-starter-security-1.5.10.RELEASE.jar;e:\maven\repo\org\springframework\spring-aop\5.0.4.RELEASE\spring-aop-5.0.4.RELEASE.jar;e:\maven\repo\org\springframework\security\spring-security-config\5.0.3.RELEASE\spring-security-config-5.0.3.RELEASE.jar;e:\maven\repo\org\springframework\security\spring-security-core\5.0.3.RELEASE\spring-security-core-5.0.3.RELEASE.jar;e:\maven\repo\org\springframework\security\spring-security-web\5.0.3.RELEASE\spring-security-web-5.0.3.RELEASE.jar;"/>
    <property name="sun.cpu.endian" value="little"/>
    <property name="user.home" value="C:\Users\Odin"/>
    <property name="user.language" value="de"/>
    <property name="java.specification.vendor" value="Oracle Corporation"/>
    <property name="java.home" value="C:\Program Files\Java\jdk1.8.0_74\jre"/>
    <property name="basedir" value="E:\eclipse-ws\FileAdmin"/>
    <property name="file.separator" value="\"/>
    <property name="line.separator" value="&#10;"/>
    <property name="java.vm.specification.vendor" value="Oracle Corporation"/>
    <property name="java.specification.name" value="Java Platform API Specification"/>
    <property name="java.awt.graphicsenv" value="sun.awt.Win32GraphicsEnvironment"/>
    <property name="surefire.real.class.path" value="C:\Users\Odin\AppData\Local\Temp\surefire526122684550463113\surefirebooter2842572076956704055.jar"/>
    <property name="sun.boot.class.path" value="C:\Program Files\Java\jdk1.8.0_74\jre\lib\resources.jar;C:\Program Files\Java\jdk1.8.0_74\jre\lib\rt.jar;C:\Program Files\Java\jdk1.8.0_74\jre\lib\sunrsasign.jar;C:\Program Files\Java\jdk1.8.0_74\jre\lib\jsse.jar;C:\Program Files\Java\jdk1.8.0_74\jre\lib\jce.jar;C:\Program Files\Java\jdk1.8.0_74\jre\lib\charsets.jar;C:\Program Files\Java\jdk1.8.0_74\jre\lib\jfr.jar;C:\Program Files\Java\jdk1.8.0_74\jre\classes"/>
    <property name="user.script" value=""/>
    <property name="sun.management.compiler" value="HotSpot 64-Bit Tiered Compilers"/>
    <property name="java.runtime.version" value="1.8.0_74-b02"/>
    <property name="user.name" value="Odin"/>
    <property name="path.separator" value=";"/>
    <property name="os.version" value="10.0"/>
    <property name="java.endorsed.dirs" value="C:\Program Files\Java\jdk1.8.0_74\jre\lib\endorsed"/>
    <property name="java.runtime.name" value="Java(TM) SE Runtime Environment"/>
    <property name="file.encoding" value="Cp1252"/>
    <property name="java.vm.name" value="Java HotSpot(TM) 64-Bit Server VM"/>
    <property name="localRepository" value="e:\maven\repo"/>
    <property name="java.vendor.url.bug" value="http://bugreport.sun.com/bugreport/"/>
    <property name="java.io.tmpdir" value="C:\Users\Odin\AppData\Local\Temp\"/>
    <property name="java.version" value="1.8.0_74"/>
    <property name="user.dir" value="E:\eclipse-ws\FileAdmin"/>
    <property name="os.arch" value="amd64"/>
    <property name="java.vm.specification.name" value="Java Virtual Machine Specification"/>
    <property name="java.awt.printerjob" value="sun.awt.windows.WPrinterJob"/>
    <property name="sun.os.patch.level" value=""/>
    <property name="java.library.path" value="C:\Program Files\Java\jdk1.8.0_74\jre\bin;C:\WINDOWS\Sun\Java\bin;C:\WINDOWS\system32;C:\WINDOWS;C:/Program Files/Java/jre1.8.0_161/bin/server;C:/Program Files/Java/jre1.8.0_161/bin;C:/Program Files/Java/jre1.8.0_161/lib/amd64;C:\ProgramData\Oracle\Java\javapath;C:\GTK\bin;C:\Program Files (x86)\Brackets\command;C:\Program Files\nodejs\;C:\Program Files\Amazon\AWSCLI\;;C:\WINDOWS\system32;C:\WINDOWS;C:\WINDOWS\System32\Wbem;C:\WINDOWS\System32\WindowsPowerShell\v1.0\;C:\Program Files\PuTTY\;C:\Program Files\dotnet\;C:\Program Files\Microsoft SQL Server\130\Tools\Binn\;E:\Ruby200-x64\bin;C:\msysgit;C:\Users\Odin\AppData\Local\Microsoft\WindowsApps;C:\Program Files (x86)\Microsoft VS Code\bin;C:\Users\Odin\AppData\Roaming\npm\node_modules\cordova;C:\Program Files\Git\cmd\git.exe;C:\Users\Odin\AppData\Local\atom\bin;C:\Program Files\nodejs\;C:\Users\Odin\AppData\Roaming\npm;c:\Windows\system32;c:\Windows;%DASHLANE_DLL_DIR%;C:\Users\Odin\AppData\Local\Microsoft\WindowsApps;;D:\Users\Odin\Desktop;;."/>
    <property name="java.vm.info" value="mixed mode"/>
    <property name="java.vendor" value="Oracle Corporation"/>
    <property name="java.vm.version" value="25.74-b02"/>
    <property name="java.ext.dirs" value="C:\Program Files\Java\jdk1.8.0_74\jre\lib\ext;C:\WINDOWS\Sun\Java\lib\ext"/>
    <property name="sun.io.unicode.encoding" value="UnicodeLittle"/>
    <property name="java.class.version" value="52.0"/>
  </properties>
  <testcase name="loadNonExistent" classname="de.oderkerk.tools.boot.fileuploader.storage.FileSystemStorageServiceTests" time="0.003"/>
  <testcase name="saveNotPermitted" classname="de.oderkerk.tools.boot.fileuploader.storage.FileSystemStorageServiceTests" time="0"/>
</testsuite>